{"numFailedTestSuites":0,"numFailedTests":0,"numPassedTestSuites":1,"numPassedTests":14,"numPendingTestSuites":0,"numPendingTests":0,"numRuntimeErrorTestSuites":0,"numTodoTests":0,"numTotalTestSuites":1,"numTotalTests":14,"openHandles":[],"snapshot":{"added":14,"didUpdate":false,"failure":false,"filesAdded":1,"filesRemoved":0,"filesUnmatched":0,"filesUpdated":0,"matched":0,"total":14,"unchecked":0,"uncheckedKeysByFile":[],"unmatched":0,"updated":0},"startTime":1557906350075,"success":true,"testResults":[{"assertionResults":[{"ancestorTitles":["Storyshots","Checkbox Group"],"failureMessages":[],"fullName":"Storyshots Checkbox Group Array of strings","location":null,"status":"passed","title":"Array of strings"},{"ancestorTitles":["Storyshots","Checkbox Group"],"failureMessages":[],"fullName":"Storyshots Checkbox Group Array of numbers","location":null,"status":"passed","title":"Array of numbers"},{"ancestorTitles":["Storyshots","Checkbox Group"],"failureMessages":[],"fullName":"Storyshots Checkbox Group Array of objects (Simple)","location":null,"status":"passed","title":"Array of objects (Simple)"},{"ancestorTitles":["Storyshots","Checkbox Group"],"failureMessages":[],"fullName":"Storyshots Checkbox Group Array of objects with different display and value key","location":null,"status":"passed","title":"Array of objects with different display and value key"},{"ancestorTitles":["Storyshots","Dropdown"],"failureMessages":[],"fullName":"Storyshots Dropdown Array of strings","location":null,"status":"passed","title":"Array of strings"},{"ancestorTitles":["Storyshots","Dropdown"],"failureMessages":[],"fullName":"Storyshots Dropdown Array of numbers","location":null,"status":"passed","title":"Array of numbers"},{"ancestorTitles":["Storyshots","Dropdown"],"failureMessages":[],"fullName":"Storyshots Dropdown Array of objects (simple)","location":null,"status":"passed","title":"Array of objects (simple)"},{"ancestorTitles":["Storyshots","Dropdown"],"failureMessages":[],"fullName":"Storyshots Dropdown Array of objects (with different display and value key)","location":null,"status":"passed","title":"Array of objects (with different display and value key)"},{"ancestorTitles":["Storyshots","Dropdown"],"failureMessages":[],"fullName":"Storyshots Dropdown Custom search","location":null,"status":"passed","title":"Custom search"},{"ancestorTitles":["Storyshots","Dropdown"],"failureMessages":[],"fullName":"Storyshots Dropdown mock search with api","location":null,"status":"passed","title":"mock search with api"},{"ancestorTitles":["Storyshots","Radio Group"],"failureMessages":[],"fullName":"Storyshots Radio Group Array of strings","location":null,"status":"passed","title":"Array of strings"},{"ancestorTitles":["Storyshots","Radio Group"],"failureMessages":[],"fullName":"Storyshots Radio Group Array of numbers","location":null,"status":"passed","title":"Array of numbers"},{"ancestorTitles":["Storyshots","Radio Group"],"failureMessages":[],"fullName":"Storyshots Radio Group Array of objects (Simple)","location":null,"status":"passed","title":"Array of objects (Simple)"},{"ancestorTitles":["Storyshots","Radio Group"],"failureMessages":[],"fullName":"Storyshots Radio Group Array of objects (with different display and value key)","location":null,"status":"passed","title":"Array of objects (with different display and value key)"}],"endTime":1557906352220,"message":"","name":"/home/kishore.kanala/Documents/github/reusable-react-components/src/storybook.test.js","startTime":1557906350680,"status":"passed","summary":""}],"wasInterrupted":false}